<?xml version="1.0" encoding="UTF-8"?>
<!-- Generated by org.testng.reporters.JUnitXMLReporter -->
<testsuite ignored="0" hostname="Radhagobinda" failures="0" tests="2" name="test1" time="0.286" errors="0" timestamp="2025-01-03T22:25:20 IST">
  <testcase classname="genericLib.BaseClass" name="@BeforeMethod openApp" time="-1.735923320175E9">
    <failure type="org.testng.TestNGException" message="
Parameter &amp;apos;Browsers&amp;apos; is required by BeforeMethod on method openApp but has not been marked @Optional or defined
in C:\Users\ADMIN\git\Hybrid_naukriresumeupdate\Naukri_com\testng.xml">
      <![CDATA[org.testng.TestNGException: 
Parameter 'Browsers' is required by BeforeMethod on method openApp but has not been marked @Optional or defined
in C:\Users\ADMIN\git\Hybrid_naukriresumeupdate\Naukri_com\testng.xml
at java.base/java.util.ArrayList.forEach(ArrayList.java:1511)
at java.base/java.util.concurrent.FutureTask.run(FutureTask.java:264)
at java.base/java.util.concurrent.ThreadPoolExecutor.runWorker(ThreadPoolExecutor.java:1136)
at java.base/java.util.concurrent.ThreadPoolExecutor$Worker.run(ThreadPoolExecutor.java:635)
at java.base/java.lang.Thread.run(Thread.java:840)
... Removed 18 stack frames]]>
    </failure>
  </testcase> <!-- @BeforeMethod openApp -->
  <testcase classname="genericLib.BaseClass" name="@BeforeMethod openApp" time="-1.735923320176E9">
    <failure type="org.testng.TestNGException" message="
Parameter &amp;apos;Browsers&amp;apos; is required by BeforeMethod on method openApp but has not been marked @Optional or defined
in C:\Users\ADMIN\git\Hybrid_naukriresumeupdate\Naukri_com\testng.xml">
      <![CDATA[org.testng.TestNGException: 
Parameter 'Browsers' is required by BeforeMethod on method openApp but has not been marked @Optional or defined
in C:\Users\ADMIN\git\Hybrid_naukriresumeupdate\Naukri_com\testng.xml
at java.base/java.util.ArrayList.forEach(ArrayList.java:1511)
at java.base/java.util.concurrent.FutureTask.run(FutureTask.java:264)
at java.base/java.util.concurrent.ThreadPoolExecutor.runWorker(ThreadPoolExecutor.java:1136)
at java.base/java.util.concurrent.ThreadPoolExecutor$Worker.run(ThreadPoolExecutor.java:635)
at java.base/java.lang.Thread.run(Thread.java:840)
... Removed 18 stack frames]]>
    </failure>
  </testcase> <!-- @BeforeMethod openApp -->
  <testcase classname="genericLib.BaseClass" name="@AfterMethod CloseApp" time="0.0">
    <skipped/>
  </testcase> <!-- @AfterMethod CloseApp -->
  <testcase classname="genericLib.BaseClass" name="@BeforeMethod openApp" time="-1.73592332028E9">
    <failure type="org.testng.TestNGException" message="
Parameter &amp;apos;Browsers&amp;apos; is required by BeforeMethod on method openApp but has not been marked @Optional or defined
in C:\Users\ADMIN\git\Hybrid_naukriresumeupdate\Naukri_com\testng.xml">
      <![CDATA[org.testng.TestNGException: 
Parameter 'Browsers' is required by BeforeMethod on method openApp but has not been marked @Optional or defined
in C:\Users\ADMIN\git\Hybrid_naukriresumeupdate\Naukri_com\testng.xml
at java.base/java.util.ArrayList.forEach(ArrayList.java:1511)
at java.base/java.util.concurrent.FutureTask.run(FutureTask.java:264)
at java.base/java.util.concurrent.ThreadPoolExecutor.runWorker(ThreadPoolExecutor.java:1136)
at java.base/java.util.concurrent.ThreadPoolExecutor$Worker.run(ThreadPoolExecutor.java:635)
at java.base/java.lang.Thread.run(Thread.java:840)
... Removed 18 stack frames]]>
    </failure>
  </testcase> <!-- @BeforeMethod openApp -->
  <testcase classname="genericLib.BaseClass" name="@AfterMethod CloseApp" time="0.0">
    <skipped/>
  </testcase> <!-- @AfterMethod CloseApp -->
  <testcase classname="genericLib.BaseClass" name="@BeforeMethod openApp" time="-1.73592332034E9">
    <failure type="org.testng.TestNGException" message="
Parameter &amp;apos;Browsers&amp;apos; is required by BeforeMethod on method openApp but has not been marked @Optional or defined
in C:\Users\ADMIN\git\Hybrid_naukriresumeupdate\Naukri_com\testng.xml">
      <![CDATA[org.testng.TestNGException: 
Parameter 'Browsers' is required by BeforeMethod on method openApp but has not been marked @Optional or defined
in C:\Users\ADMIN\git\Hybrid_naukriresumeupdate\Naukri_com\testng.xml
at java.base/java.util.ArrayList.forEach(ArrayList.java:1511)
at java.base/java.util.concurrent.FutureTask.run(FutureTask.java:264)
at java.base/java.util.concurrent.ThreadPoolExecutor.runWorker(ThreadPoolExecutor.java:1136)
at java.base/java.util.concurrent.ThreadPoolExecutor$Worker.run(ThreadPoolExecutor.java:635)
at java.base/java.lang.Thread.run(Thread.java:840)
... Removed 18 stack frames]]>
    </failure>
  </testcase> <!-- @BeforeMethod openApp -->
  <testcase classname="genericLib.BaseClass" name="@AfterMethod CloseApp" time="0.0">
    <skipped/>
  </testcase> <!-- @AfterMethod CloseApp -->
  <testcase classname="genericLib.BaseClass" name="@AfterMethod CloseApp" time="0.0">
    <skipped/>
  </testcase> <!-- @AfterMethod CloseApp -->
  <testcase classname="testscripts.tc0" name="tc0" time="0.001">
    <skipped/>
  </testcase> <!-- tc0 -->
  <testcase classname="testscripts.tc1" name="tc1" time="0.0">
    <skipped/>
  </testcase> <!-- tc1 -->
</testsuite> <!-- test1 -->
