<?xml version="1.0" encoding="UTF-8"?>
<testng-results ignored="0" total="6" passed="5" failed="1" skipped="0">
  <reporter-output>
    <line>
      <![CDATA[Home | Mynaukri]]>
    </line>
    <line>
      <![CDATA[Home | Mynaukri]]>
    </line>
    <line>
      <![CDATA[Home | Mynaukri]]>
    </line>
    <line>
      <![CDATA[Profile | Mynaukri]]>
    </line>
    <line>
      <![CDATA[Profile | Mynaukri]]>
    </line>
  </reporter-output>
  <suite started-at="2024-03-07T06:15:10 IST" name="Suite" finished-at="2024-03-07T06:20:08 IST" duration-ms="297519">
    <groups>
    </groups>
    <test started-at="2024-03-07T06:15:10 IST" name="Test" finished-at="2024-03-07T06:20:08 IST" duration-ms="297519">
      <class name="testscripts.tc1">
        <test-method is-config="true" signature="openApp()[pri:0, instance:testscripts.tc1@54e1c68b]" started-at="2024-03-07T06:18:02 IST" name="openApp" finished-at="2024-03-07T06:18:07 IST" duration-ms="5321" status="PASS">
          <reporter-output>
          </reporter-output>
        </test-method> <!-- openApp -->
        <test-method signature="tc1()[pri:0, instance:testscripts.tc1@54e1c68b]" started-at="2024-03-07T06:18:07 IST" name="tc1" finished-at="2024-03-07T06:18:52 IST" duration-ms="45276" status="PASS">
          <reporter-output>
            <line>
              <![CDATA[Profile | Mynaukri]]>
            </line>
          </reporter-output>
        </test-method> <!-- tc1 -->
        <test-method is-config="true" signature="CloseApp(org.testng.ITestResult)[pri:0, instance:testscripts.tc1@54e1c68b]" started-at="2024-03-07T06:18:52 IST" name="CloseApp" finished-at="2024-03-07T06:18:52 IST" duration-ms="314" status="PASS">
          <params>
            <param index="0">
              <value>
                <![CDATA[[TestResult name=tc1 status=SUCCESS method=tc1.tc1()[pri:0, instance:testscripts.tc1@54e1c68b] output=Profile | Mynaukri]]]>
              </value>
            </param>
          </params>
          <reporter-output>
          </reporter-output>
        </test-method> <!-- CloseApp -->
        <test-method is-config="true" signature="openApp()[pri:0, instance:testscripts.tc1@54e1c68b]" started-at="2024-03-07T06:18:52 IST" name="openApp" finished-at="2024-03-07T06:18:57 IST" duration-ms="4370" status="PASS">
          <reporter-output>
          </reporter-output>
        </test-method> <!-- openApp -->
        <test-method signature="tc1()[pri:0, instance:testscripts.tc1@54e1c68b]" started-at="2024-03-07T06:18:57 IST" name="tc1" finished-at="2024-03-07T06:19:18 IST" duration-ms="20746" status="FAIL">
          <exception class="org.openqa.selenium.NoSuchElementException">
            <message>
              <![CDATA[no such element: Unable to locate element: {"method":"xpath","selector":"//a[text()='View']"}
  (Session info: chrome=122.0.6261.95)
For documentation on this error, please visit: https://www.seleniumhq.org/exceptions/no_such_element.html
Build info: version: '3.141.59', revision: 'e82be7d358', time: '2018-11-14T08:17:03'
System info: host: 'RADHAGOBINDA', ip: '192.168.1.41', os.name: 'Windows 10', os.arch: 'amd64', os.version: '10.0', java.version: '17.0.10'
Driver info: org.openqa.selenium.chrome.ChromeDriver
Capabilities {acceptInsecureCerts: false, browserName: chrome, browserVersion: 122.0.6261.95, chrome: {chromedriverVersion: 122.0.6261.94 (880dbf29479c..., userDataDir: C:\Windows\SystemTemp\scope...}, fedcm:accounts: true, goog:chromeOptions: {debuggerAddress: localhost:64505}, javascriptEnabled: true, networkConnectionEnabled: false, pageLoadStrategy: normal, platform: WINDOWS, platformName: WINDOWS, proxy: Proxy(), setWindowRect: true, strictFileInteractability: false, timeouts: {implicit: 0, pageLoad: 300000, script: 30000}, unhandledPromptBehavior: dismiss and notify, webauthn:extension:credBlob: true, webauthn:extension:largeBlob: true, webauthn:extension:minPinLength: true, webauthn:extension:prf: true, webauthn:virtualAuthenticators: true}
Session ID: 4976f101c0ebb124c8c0c2d5df4db644
*** Element info: {Using=xpath, value=//a[text()='View']}]]>
            </message>
            <full-stacktrace>
              <![CDATA[org.openqa.selenium.NoSuchElementException: no such element: Unable to locate element: {"method":"xpath","selector":"//a[text()='View']"}
  (Session info: chrome=122.0.6261.95)
For documentation on this error, please visit: https://www.seleniumhq.org/exceptions/no_such_element.html
Build info: version: '3.141.59', revision: 'e82be7d358', time: '2018-11-14T08:17:03'
System info: host: 'RADHAGOBINDA', ip: '192.168.1.41', os.name: 'Windows 10', os.arch: 'amd64', os.version: '10.0', java.version: '17.0.10'
Driver info: org.openqa.selenium.chrome.ChromeDriver
Capabilities {acceptInsecureCerts: false, browserName: chrome, browserVersion: 122.0.6261.95, chrome: {chromedriverVersion: 122.0.6261.94 (880dbf29479c..., userDataDir: C:\Windows\SystemTemp\scope...}, fedcm:accounts: true, goog:chromeOptions: {debuggerAddress: localhost:64505}, javascriptEnabled: true, networkConnectionEnabled: false, pageLoadStrategy: normal, platform: WINDOWS, platformName: WINDOWS, proxy: Proxy(), setWindowRect: true, strictFileInteractability: false, timeouts: {implicit: 0, pageLoad: 300000, script: 30000}, unhandledPromptBehavior: dismiss and notify, webauthn:extension:credBlob: true, webauthn:extension:largeBlob: true, webauthn:extension:minPinLength: true, webauthn:extension:prf: true, webauthn:virtualAuthenticators: true}
Session ID: 4976f101c0ebb124c8c0c2d5df4db644
*** Element info: {Using=xpath, value=//a[text()='View']}
at java.base/jdk.internal.reflect.NativeConstructorAccessorImpl.newInstance0(Native Method)
at java.base/jdk.internal.reflect.NativeConstructorAccessorImpl.newInstance(NativeConstructorAccessorImpl.java:77)
at java.base/jdk.internal.reflect.DelegatingConstructorAccessorImpl.newInstance(DelegatingConstructorAccessorImpl.java:45)
at java.base/java.lang.reflect.Constructor.newInstanceWithCaller(Constructor.java:499)
at java.base/java.lang.reflect.Constructor.newInstance(Constructor.java:480)
at org.openqa.selenium.remote.http.W3CHttpResponseCodec.createException(W3CHttpResponseCodec.java:187)
at org.openqa.selenium.remote.http.W3CHttpResponseCodec.decode(W3CHttpResponseCodec.java:122)
at org.openqa.selenium.remote.http.W3CHttpResponseCodec.decode(W3CHttpResponseCodec.java:49)
at org.openqa.selenium.remote.HttpCommandExecutor.execute(HttpCommandExecutor.java:158)
at org.openqa.selenium.remote.service.DriverCommandExecutor.execute(DriverCommandExecutor.java:83)
at org.openqa.selenium.remote.RemoteWebDriver.execute(RemoteWebDriver.java:552)
at org.openqa.selenium.remote.RemoteWebDriver.findElement(RemoteWebDriver.java:323)
at org.openqa.selenium.remote.RemoteWebDriver.findElementByXPath(RemoteWebDriver.java:428)
at org.openqa.selenium.By$ByXPath.findElement(By.java:353)
at org.openqa.selenium.remote.RemoteWebDriver.findElement(RemoteWebDriver.java:315)
at org.openqa.selenium.support.pagefactory.DefaultElementLocator.findElement(DefaultElementLocator.java:69)
at org.openqa.selenium.support.pagefactory.internal.LocatingElementHandler.invoke(LocatingElementHandler.java:38)
at jdk.proxy2/jdk.proxy2.$Proxy12.click(Unknown Source)
at pomPages.HomePage.profilebtn(HomePage.java:22)
at testscripts.tc1.tc1(tc1.java:33)
at java.base/jdk.internal.reflect.NativeMethodAccessorImpl.invoke0(Native Method)
at java.base/jdk.internal.reflect.NativeMethodAccessorImpl.invoke(NativeMethodAccessorImpl.java:77)
at java.base/jdk.internal.reflect.DelegatingMethodAccessorImpl.invoke(DelegatingMethodAccessorImpl.java:43)
at java.base/java.lang.reflect.Method.invoke(Method.java:568)
at org.testng.internal.MethodInvocationHelper.invokeMethod(MethodInvocationHelper.java:133)
at org.testng.internal.TestInvoker.invokeMethod(TestInvoker.java:598)
at org.testng.internal.TestInvoker.invokeTestMethod(TestInvoker.java:173)
at org.testng.internal.MethodRunner.runInSequence(MethodRunner.java:46)
at org.testng.internal.TestInvoker$MethodInvocationAgent.invoke(TestInvoker.java:824)
at org.testng.internal.TestInvoker.invokeTestMethods(TestInvoker.java:146)
at org.testng.internal.TestMethodWorker.invokeTestMethods(TestMethodWorker.java:146)
at org.testng.internal.TestMethodWorker.run(TestMethodWorker.java:128)
at java.base/java.util.ArrayList.forEach(ArrayList.java:1511)
at org.testng.TestRunner.privateRun(TestRunner.java:794)
at org.testng.TestRunner.run(TestRunner.java:596)
at org.testng.SuiteRunner.runTest(SuiteRunner.java:377)
at org.testng.SuiteRunner.runSequentially(SuiteRunner.java:371)
at org.testng.SuiteRunner.privateRun(SuiteRunner.java:332)
at org.testng.SuiteRunner.run(SuiteRunner.java:276)
at org.testng.SuiteRunnerWorker.runSuite(SuiteRunnerWorker.java:53)
at org.testng.SuiteRunnerWorker.run(SuiteRunnerWorker.java:96)
at org.testng.TestNG.runSuitesSequentially(TestNG.java:1212)
at org.testng.TestNG.runSuitesLocally(TestNG.java:1134)
at org.testng.TestNG.runSuites(TestNG.java:1063)
at org.testng.TestNG.run(TestNG.java:1031)
at org.testng.remote.AbstractRemoteTestNG.run(AbstractRemoteTestNG.java:115)
at org.testng.remote.RemoteTestNG.initAndRun(RemoteTestNG.java:251)
at org.testng.remote.RemoteTestNG.main(RemoteTestNG.java:77)
]]>
            </full-stacktrace>
          </exception> <!-- org.openqa.selenium.NoSuchElementException -->
          <reporter-output>
          </reporter-output>
        </test-method> <!-- tc1 -->
        <test-method is-config="true" signature="CloseApp(org.testng.ITestResult)[pri:0, instance:testscripts.tc1@54e1c68b]" started-at="2024-03-07T06:19:18 IST" name="CloseApp" finished-at="2024-03-07T06:19:18 IST" duration-ms="562" status="PASS">
          <params>
            <param index="0">
              <value>
                <![CDATA[[TestResult name=tc1 status=FAILURE method=tc1.tc1()[pri:0, instance:testscripts.tc1@54e1c68b] output={null}]]]>
              </value>
            </param>
          </params>
          <reporter-output>
          </reporter-output>
        </test-method> <!-- CloseApp -->
        <test-method is-config="true" signature="openApp()[pri:0, instance:testscripts.tc1@54e1c68b]" started-at="2024-03-07T06:19:18 IST" name="openApp" finished-at="2024-03-07T06:19:23 IST" duration-ms="4698" status="PASS">
          <reporter-output>
          </reporter-output>
        </test-method> <!-- openApp -->
        <test-method signature="tc1()[pri:0, instance:testscripts.tc1@54e1c68b]" started-at="2024-03-07T06:19:23 IST" name="tc1" finished-at="2024-03-07T06:20:07 IST" duration-ms="44509" status="PASS">
          <reporter-output>
            <line>
              <![CDATA[Profile | Mynaukri]]>
            </line>
          </reporter-output>
        </test-method> <!-- tc1 -->
        <test-method is-config="true" signature="CloseApp(org.testng.ITestResult)[pri:0, instance:testscripts.tc1@54e1c68b]" started-at="2024-03-07T06:20:07 IST" name="CloseApp" finished-at="2024-03-07T06:20:08 IST" duration-ms="371" status="PASS">
          <params>
            <param index="0">
              <value>
                <![CDATA[[TestResult name=tc1 status=SUCCESS method=tc1.tc1()[pri:0, instance:testscripts.tc1@54e1c68b] output=Profile | Mynaukri]]]>
              </value>
            </param>
          </params>
          <reporter-output>
          </reporter-output>
        </test-method> <!-- CloseApp -->
      </class> <!-- testscripts.tc1 -->
      <class name="testscripts.tc0">
        <test-method is-config="true" signature="openApp()[pri:0, instance:testscripts.tc0@1de76cc7]" started-at="2024-03-07T06:15:10 IST" name="openApp" finished-at="2024-03-07T06:15:16 IST" duration-ms="5575" status="PASS">
          <reporter-output>
          </reporter-output>
        </test-method> <!-- openApp -->
        <test-method signature="tc0()[pri:0, instance:testscripts.tc0@1de76cc7]" started-at="2024-03-07T06:15:16 IST" name="tc0" finished-at="2024-03-07T06:16:07 IST" duration-ms="51270" status="PASS">
          <reporter-output>
            <line>
              <![CDATA[Home | Mynaukri]]>
            </line>
          </reporter-output>
        </test-method> <!-- tc0 -->
        <test-method is-config="true" signature="CloseApp(org.testng.ITestResult)[pri:0, instance:testscripts.tc0@1de76cc7]" started-at="2024-03-07T06:16:07 IST" name="CloseApp" finished-at="2024-03-07T06:16:08 IST" duration-ms="417" status="PASS">
          <params>
            <param index="0">
              <value>
                <![CDATA[[TestResult name=tc0 status=SUCCESS method=tc0.tc0()[pri:0, instance:testscripts.tc0@1de76cc7] output=Home | Mynaukri]]]>
              </value>
            </param>
          </params>
          <reporter-output>
          </reporter-output>
        </test-method> <!-- CloseApp -->
        <test-method is-config="true" signature="openApp()[pri:0, instance:testscripts.tc0@1de76cc7]" started-at="2024-03-07T06:16:08 IST" name="openApp" finished-at="2024-03-07T06:16:12 IST" duration-ms="4404" status="PASS">
          <reporter-output>
          </reporter-output>
        </test-method> <!-- openApp -->
        <test-method signature="tc0()[pri:0, instance:testscripts.tc0@1de76cc7]" started-at="2024-03-07T06:16:12 IST" name="tc0" finished-at="2024-03-07T06:17:03 IST" duration-ms="51420" status="PASS">
          <reporter-output>
            <line>
              <![CDATA[Home | Mynaukri]]>
            </line>
          </reporter-output>
        </test-method> <!-- tc0 -->
        <test-method is-config="true" signature="CloseApp(org.testng.ITestResult)[pri:0, instance:testscripts.tc0@1de76cc7]" started-at="2024-03-07T06:17:03 IST" name="CloseApp" finished-at="2024-03-07T06:17:04 IST" duration-ms="313" status="PASS">
          <params>
            <param index="0">
              <value>
                <![CDATA[[TestResult name=tc0 status=SUCCESS method=tc0.tc0()[pri:0, instance:testscripts.tc0@1de76cc7] output=Home | Mynaukri]]]>
              </value>
            </param>
          </params>
          <reporter-output>
          </reporter-output>
        </test-method> <!-- CloseApp -->
        <test-method is-config="true" signature="openApp()[pri:0, instance:testscripts.tc0@1de76cc7]" started-at="2024-03-07T06:17:04 IST" name="openApp" finished-at="2024-03-07T06:17:08 IST" duration-ms="4637" status="PASS">
          <reporter-output>
          </reporter-output>
        </test-method> <!-- openApp -->
        <test-method signature="tc0()[pri:0, instance:testscripts.tc0@1de76cc7]" started-at="2024-03-07T06:17:08 IST" name="tc0" finished-at="2024-03-07T06:18:01 IST" duration-ms="52872" status="PASS">
          <reporter-output>
            <line>
              <![CDATA[Home | Mynaukri]]>
            </line>
          </reporter-output>
        </test-method> <!-- tc0 -->
        <test-method is-config="true" signature="CloseApp(org.testng.ITestResult)[pri:0, instance:testscripts.tc0@1de76cc7]" started-at="2024-03-07T06:18:01 IST" name="CloseApp" finished-at="2024-03-07T06:18:02 IST" duration-ms="369" status="PASS">
          <params>
            <param index="0">
              <value>
                <![CDATA[[TestResult name=tc0 status=SUCCESS method=tc0.tc0()[pri:0, instance:testscripts.tc0@1de76cc7] output=Home | Mynaukri]]]>
              </value>
            </param>
          </params>
          <reporter-output>
          </reporter-output>
        </test-method> <!-- CloseApp -->
      </class> <!-- testscripts.tc0 -->
    </test> <!-- Test -->
  </suite> <!-- Suite -->
</testng-results>
